<?xml version="1.0" encoding="UTF-8" standalone="no"?><testsuite errors="0" failures="0" name="5.1.5 (1) Einladung von Akteuren außerhalb einer Organisation (Basis Spec)" skipped="0" tests="33" time="3545.81" timestamp="2025-08-12 09:32:17"><testcase name="05.01.01 Einladung außerhalb einer Organisation - Chat - AllowAll - User schreibt anderen User über Healthcaresevice"/><testcase name="05.01.02 Einladung außerhalb einer Organisation - Raum - AllowAll - User schreibt anderen User über Healthcaresevice"/><testcase name="05.01.03 Einladung außerhalb einer Organisation - Chat - BlockAll - User schreibt anderen User über Healthcaresevice"/><testcase name="05.01.04 Einladung außerhalb einer Organisation - Raum - BlockAll - User schreibt anderen User über Healthcaresevice"/><testcase name="05.01.05 Einladung außerhalb einer Organisation - Raum - AllowAll - User AllowAll (blockt/entblockt User)"/><testcase name="05.01.06 Einladung außerhalb einer Organisation - Chat - AllowAll - User AllowAll (2 User blockt/entblockt)"/><testcase name="05.01.07 Einladung außerhalb einer Organisation - Raum - AllowAll - User AllowAll wird von geblocktem und ungeblocktem User eingeladen"/><testcase name="05.01.08 Einladung außerhalb einer Organisation - Raum - BlockAll - User BlockAll (blockt/entblockt User)"/><testcase name="05.01.09 Einladung außerhalb einer Organisation - Chat - BlockAll - User BlockAll (2 User blockt/entblockt)"/><testcase name="05.01.10 Einladung außerhalb einer Organisation - Raum - BlockAll - User BlockAll wird von ungeblockten und geblocktem User eingeladen"/><testcase name="05.01.11 Einladung außerhalb einer Organisation - Raum - MixedMode - User (versucht)lädt anderen User ein"/><testcase name="05.01.12 Einladung außerhalb einer Organisation - Chat - DomainBlock - User blockt/ unblockt Server-Namen"/><testcase name="05.01.13 Einladung außerhalb einer Organisation - Raum - DomainBlock - User blockt/ unblockt Server-Namen"/><testcase name="05.01.14 Einladung außerhalb einer Organisation - Chat - DomainBlock - User allow/unallow Server-Namen"/><testcase name="05.01.15 Einladung außerhalb einer Organisation - Raum - DomainBlock - User allow/unallow Server-Namen"/><testcase name="05.01.16 Einladung außerhalb einer Organisation - Chat - AllowAll - User lehnt Einladung ab"/><testcase name="05.01.17 Einladung außerhalb einer Organisation - Raum - AllowAll - User lehnt Einladung ab"/><testcase name="05.01.18 Einladung außerhalb einer Organisation - Chat - BlockAll - User lehnt Einladung ab"/><testcase name="05.01.19 Einladung außerhalb einer Organisation - Raum - BlockAll - User lehnt Einladung ab"/><testcase name="05.01.20 Einladung außerhalb einer Organisation - Chat - AllowAll - Dritter Nutzer wird in Chat eingeladen werden"/><testcase name="05.01.21 Einladung außerhalb einer Organisation - Chat - BlockAll - Dritter Nutzer wird in Chat eingeladen werden"/><testcase name="05.01.22 Einladung außerhalb einer Organisation - AllowAll - Eintragung in Liste von anderem Berechtigungsmodus"/><testcase name="05.01.23 Einladung außerhalb einer Organisation - AllowAll - Eintragung eines Server-Namen in Liste von anderem Berechtigungsmodus"/><testcase name="05.01.24 Einladung außerhalb einer Organisation - AllowAll - Löschen in Liste von anderem Berechtigungsmodus"/><testcase name="05.01.25 Einladung außerhalb einer Organisation - AllowAll - Löschen eines Server-Namen in Liste von anderem Berechtigungsmodus"/><testcase name="05.01.26 Einladung außerhalb einer Organisation - BlockAll - Eintragung in Liste von anderem Berechtigungsmodus"/><testcase name="05.01.27 Einladung außerhalb einer Organisation - BlockAll - Eintragung eines Server-Namen in Liste von anderem Berechtigungsmodus"/><testcase name="05.01.28 Einladung außerhalb einer Organisation - BlockAll - Löschen in Liste von anderem Berechtigungsmodus"/><testcase name="05.01.29 Einladung außerhalb einer Organisation - BlockAll - Löschen eines Server-Namen in Liste von anderem Berechtigungsmodus"/><testcase name="05.01.30 Einladung außerhalb einer Organisation - AllowAll - Eintrag doppelter MXID Einträge in BlockListe"/><testcase name="05.01.31 Einladung außerhalb einer Organisation - BlockAll - Eintrag doppelter MXID Einträge in AllowListe"/><testcase name="05.01.32 Einladung außerhalb einer Organisation - AllowAll - Einträge bleiben trotz Logout erhalten"/><testcase name="05.01.33 Einladung außerhalb einer Organisation - BlockAll - Einträge bleiben trotz Logout erhalten"/></testsuite>