<?xml version="1.0" encoding="UTF-8" standalone="no"?><testsuite errors="0" failures="1" name="09X. (1) Room States (Basis Spec)" skipped="0" tests="2" time="161.0" timestamp="2025-08-12 07:26:44"><testcase name="09X.01.01 Room States - Chat - Default Room State und Raumversion (Org-User)"><failure message="[Expected roomState ROOM_NAME could not be found in Room directChatWith-@tst_generated_zabrksvgxg:10c810c7-6cc5-4e3f-b878-950b3b293644.ru.timref.akquinet.nx2.dev] &#10;Expecting value to be true but was false" type="org.opentest4j.AssertionFailedError">[Expected roomState ROOM_NAME could not be found in Room directChatWith-@tst_generated_zabrksvgxg:10c810c7-6cc5-4e3f-b878-950b3b293644.ru.timref.akquinet.nx2.dev] 
Expecting value to be true but was false</failure><system-err>[Expected roomState ROOM_NAME could not be found in Room directChatWith-@tst_generated_zabrksvgxg:10c810c7-6cc5-4e3f-b878-950b3b293644.ru.timref.akquinet.nx2.dev] 
Expecting value to be true but was false
de.gematik.tim.test.glue.api.room.RoomControllerGlue.checkParameterExistentForRoomStatesOfRoom(RoomControllerGlue.java:498)
de.gematik.tim.test.glue.api.room.RoomControllerGlue.checkParameterExistentForRoomStatesOfChat(RoomControllerGlue.java:507)
✽."B" prüft, ob die Room States "ROOM_NAME,ROOM_TOPIC,TIM_ROOM_NAME,TIM_ROOM_TOPIC" im Chat mit "A" vorhanden sind(file:///home/jenkins/agent/workspace/TIM-Longrun-Generate-Report/target/features/UCs_Basis/UC09X_Room_States_ueberpruefen_und_Raumversion/09X_1_OrgOrg_Room_States_ueberpruefen_und_Raumversion_V2_Basis.feature:29)
</system-err></testcase><testcase name="09X.01.02 Room States - Raum - Default Room State und Raumversion (Org-User)"/></testsuite>