<?xml version="1.0" encoding="UTF-8" standalone="no"?><testsuite errors="0" failures="0" name="10X. (1) API Checks (Basis Spec)" skipped="0" tests="10" time="351.71" timestamp="2025-08-12 09:14:12"><testcase name="10X.01.01 API Checks - Verbot von URL-Previews (Org-User)"/><testcase name="10X.01.02 API Checks - Verbot von URL-Previews (Org-User)"/><testcase name="10X.01.03 API Checks - Deprecated Media Endpunkte auf dem gleichen HomeServer (Org-User)"/><testcase name="10X.01.04 API Checks - Deprecated Media Endpunkte auf unterschiedlichen HomeServern (Org-User)"/><testcase name="10X.01.05 API Checks - Support Endpunkt (Org-User)"/><testcase name="10X.01.06 API Checks - Authentisierung von Profilabfragen"/><testcase name="10X.01.07 API Checks - Authentisierung von Profilabfragen mit avatar_url"/><testcase name="10X.01.08 API Checks - Authentisierung von Profilabfragen mit displayname"/><testcase name="10X.01.09 API Checks - Standardisierte Fehlermeldungen für unbekannte Endpunkte"/><testcase name="10X.01.10 API Checks - Standardisierte Fehlermeldungen für unbekannte Methoden"/></testsuite>