<?xml version="1.0" encoding="UTF-8" standalone="no"?><testsuite errors="0" failures="0" name="5.1.6 (3) Austausch von Events zwischen Akteuren außerhalb einer Organisation (Basis Spec)" skipped="0" tests="2" time="173.72" timestamp="2026-01-11 09:23:15"><testcase name="06.03.01 Austausch von Events außerhalb einer Organisation - Chat - AllowAll - HBA-User sendet Nachricht an User"/><testcase name="06.03.02 Austausch von Events außerhalb einer Organisation - Raum - AllowAll - HBA-User sendet Nachricht an User"/></testsuite>