<?xml version="1.0" encoding="UTF-8" standalone="no"?><testsuite errors="0" failures="0" name="03. (1) Föderationszugehörigkeit eines Messenger-Service prüfen (Basis Spec)" skipped="0" tests="2" time="73.39" timestamp="2025-08-12 07:25:30"><testcase name="03.01.01 Föderationszugehörigkeit prüfen - Chat - Test-Client &quot;A&quot; versucht User außerhalb der Föderation einzuladen "/><testcase name="03.01.02 Föderationszugehörigkeit prüfen - Raum - Test-Client &quot;A&quot; versucht User außerhalb der Föderation einzuladen "/></testsuite>