<?xml version="1.0" encoding="UTF-8" standalone="no"?><testsuite errors="0" failures="0" name="06X. (1) Berechtigungskonfiguration Benutzergruppen (Pro Spec)" skipped="0" tests="4" time="202.07" timestamp="2025-08-12 10:52:19"><testcase name="06X.01.01 Berechtigungskonfiguration Benutzergruppen - AllowAll - GruppenBlock - User blockt/entblockt Gruppe"/><testcase name="06X.01.02 Berechtigungskonfiguration Benutzergruppen - BlockAll - GruppenAllow - User allow/unallow Gruppe"/><testcase name="06X.01.03 Berechtigungskonfiguration Benutzergruppen - AllowAll - GruppenBlock - Einträge bleiben trotz Logout erhalten"/><testcase name="06X.01.04 Berechtigungskonfiguration Benutzergruppen - BlockAll - GruppenAllow - Einträge bleiben trotz Logout erhalten"/></testsuite>