<?xml version="1.0" encoding="UTF-8" standalone="no"?><testsuite errors="0" failures="0" name="00 (1) Abfragen der Schnittstellen-Information und die Geräte-Liste aller Schnittstellen" skipped="0" tests="6" time="71.44" timestamp="2026-03-23 11:25:56"><testcase name="00.01.01 Abfragen der Schnittstellen-Information durch Pro-User-Client"/><testcase name="00.01.02 Abfragen der Schnittstellen-Information durch Org-Admin-Client"/><testcase name="00.01.03 Abfragen der Geräte-Liste durch Pro-User-Client"/><testcase name="00.01.04 Abfragen der Geräte-Liste durch Org-Admin-Client"/><testcase name="00.01.05 Abfrage der Matrix-Server-Version"/><testcase name="00.01.06 Abfrage der Synapse-Server-Version"/></testsuite>