<?xml version="1.0" encoding="UTF-8" standalone="no"?><testsuite errors="0" failures="0" name="5.1.6 (1) Austausch von Events zwischen Akteuren außerhalb einer Organisation (Basis Spec)" skipped="0" tests="7" time="796.93" timestamp="2025-08-12 08:40:19"><testcase name="06.01.01 Austausch von Events außerhalb einer Organisation - Chat - AllowAll - User sendet Nachricht an anderen User über Healthcareservice"/><testcase name="06.01.02 Austausch von Events außerhalb einer Organisation - Raum - AllowAll - User sendet Nachricht an anderen User über Healthcareservice"/><testcase name="06.01.03 Austausch von Events außerhalb einer Organisation - Chat - AllowAll - Löschen einer Nachricht durch User"/><testcase name="06.01.04 Austausch von Events außerhalb einer Organisation - Raum - AllowAll - Löschen einer Nachricht durch User"/><testcase name="06.01.05 Austausch von Events außerhalb einer Organisation - Chat - AllowAll - Ändern einer Nachricht durch User"/><testcase name="06.01.06 Austausch von Events außerhalb einer Organisation - Raum - AllowAll - Ändern einer Nachricht durch User"/><testcase name="06.01.13 Austausch von Events außerhalb einer Organisation - Raum - AllowAll - Gruppenchat - Drei User schreiben sich gegenseitig"/></testsuite>