<?xml version="1.0" encoding="UTF-8" standalone="no"?><testsuite errors="0" failures="0" name="5.1.4 (1) Austausch von Events innerhalb einer Organisation (Basis Spec)" skipped="0" tests="13" time="1272.34" timestamp="2026-01-11 06:56:08"><testcase name="04.01.01 Austausch von Events innerhalb einer Organisation - Chat - User sendet Nachricht an anderen User über HomeServer"/><testcase name="04.01.02 Austausch von Events innerhalb einer Organisation - Raum - User sendet Nachricht an anderen User über HomeServer"/><testcase name="04.01.03 Austausch von Events innerhalb einer Organisation - Chat - User sendet Nachricht an anderen User über Healthcareservice"/><testcase name="04.01.04 Austausch von Events innerhalb einer Organisation - Raum - User sendet Nachricht an anderen User über Healthcareservice"/><testcase name="04.01.05 Austausch von Events innerhalb einer Organisation - Chat - Löschen einer Nachricht durch User"/><testcase name="04.01.06 Austausch von Events innerhalb einer Organisation - Raum - Löschen einer Nachricht durch User"/><testcase name="04.01.07 Austausch von Events innerhalb einer Organisation - Chat - Ändern einer Nachricht durch User"/><testcase name="04.01.08 Austausch von Events innerhalb einer Organisation - Raum - Ändern einer Nachricht durch User"/><testcase name="04.01.09 Austausch von Events innerhalb einer Organisation - Raum - AllowAll - User sendet eine Nachricht an ausgeloggten User "/><testcase name="04.01.11 Austausch von Events innerhalb einer Organisation - Chat - AllowAll - User sendet und ändert eine Nachricht an ausgeloggten User "/><testcase name="04.01.12 Austausch von Events innerhalb einer Organisation - Raum - AllowAll - User sendet und ändert eine Nachricht an ausgeloggten User "/><testcase name="04.01.13 Austausch von Events innerhalb einer Organisation - Raum - AllowAll - User sendet ein Attachment an ausgeloggten User über Matrix-Protokoll v1.11"/><testcase name="04.01.15 Austausch von Events innerhalb einer Organisation - Raum - AllowAll - Gruppenchat - Drei User schreiben sich gegenseitig"/></testsuite>