<?xml version="1.0" encoding="UTF-8" standalone="no"?><testsuite errors="0" failures="0" name="12X. (1) Nutzung von mehreren Geräten (Basis Spec)" skipped="0" tests="4" time="779.16" timestamp="2025-12-07 09:00:24"><testcase name="12X.01.01 Multi Device - Events außerhalb einer Organisation - Chat - Test-Client &quot;A&quot; mit 2 Devices"/><testcase name="12X.01.02 Multi Device - Events außerhalb einer Organisation - Chat - Test-Client &quot;A&quot; mit 2 Devices - Erhalt vorheriger Nachrichten"/><testcase name="12X.01.03 Multi Device - Events innerhalb einer Organisation - Chat - Test-Client &quot;A&quot; mit 2 Devices"/><testcase name="12X.01.04 Multi Device - Events innerhalb einer Organisation - Chat - Test-Client &quot;A&quot; mit 2 Devices - Erhalt vorheriger Nachrichten"/></testsuite>