<?xml version="1.0" encoding="UTF-8" standalone="no"?><testsuite errors="1" failures="0" name="5.1.5 (1) Einladung von Akteuren innerhalb einer Organisation (Pro Spec)" skipped="0" tests="37" time="3042.8" timestamp="2026-01-11 10:28:15"><testcase name="05.01.00A Einladung innerhalb einer Organisation - User sucht anderen User im HomeServer"/><testcase name="05.01.00B Einladung innerhalb einer Organisation - User sucht HealthCareService im HomeServer"/><testcase name="05.01.00C Einladung innerhalb einer Organisation - GruppenBlock - User AllowAll blockt/entblockt Gruppe"/><testcase name="05.01.00D Einladung innerhalb einer Organisation - GruppenBlock - User BlockAll allow/unallow Gruppe"/><testcase name="05.01.01 Einladung innerhalb einer Organisation - Chat - AllowAll - User lädt anderen User ein"/><testcase name="05.01.02 Einladung innerhalb einer Organisation - Raum - AllowAll - User lädt anderen User ein"/><testcase name="05.01.03 Einladung innerhalb einer Organisation - Chat - BlockAll - User lädt anderen User ein"/><testcase name="05.01.04 Einladung innerhalb einer Organisation - Raum - BlockAll - User lädt anderen User ein"/><testcase name="05.01.05 Einladung innerhalb einer Organisation - Chat - AllowAll - User AllowAll (blockt/entblockt User)"/><testcase name="05.01.06 Einladung innerhalb einer Organisation - Raum - AllowAll - User AllowAll (2 User blockt/entblockt)"><error message="Expected RoomDTO but got:&#10;{&#10;    &quot;errorCode&quot;: &quot;500&quot;,&#10;    &quot;errorMessage&quot;: &quot;Creation of the room failed (other user(s) [] can be found, but cannot be invited)&quot;&#10;} with status code 500" type="de.gematik.tim.test.glue.api.exceptions.TestRunException">Expected RoomDTO but got:
{
    "errorCode": "500",
    "errorMessage": "Creation of the room failed (other user(s) [] can be found, but cannot be invited)"
} with status code 500</error><system-err>Expected RoomDTO but got:
{
    "errorCode": "500",
    "errorMessage": "Creation of the room failed (other user(s) [] can be found, but cannot be invited)"
} with status code 500
de.gematik.tim.test.glue.api.utils.RequestResponseUtils.parseResponse(RequestResponseUtils.java:157)
de.gematik.tim.test.glue.api.room.tasks.CreateRoomTask.performAs(CreateRoomTask.java:98)
de.gematik.tim.test.glue.api.room.RoomControllerGlue.createRoomWithName(RoomControllerGlue.java:88)
</system-err></testcase><testcase name="05.01.07 Einladung innerhalb einer Organisation - Raum - AllowAll - User AllowAll wird von geblocktem und ungeblocktem User eingeladen"/><testcase name="05.01.08 Einladung innerhalb einer Organisation - Chat - BlockAll - User BlockAll (allow/unallow User)"/><testcase name="05.01.09 Einladung innerhalb einer Organisation - Raum - BlockAll - User BlockAll (2 User allow/unallow)"/><testcase name="05.01.10 Einladung innerhalb einer Organisation - Raum - BlockAll - User BlockAll wird von allow und unallow User eingeladen"/><testcase name="05.01.11 Einladung innerhalb einer Organisation - Raum - MixedMode - User (versucht)lädt anderen User ein"/><testcase name="05.01.12 Einladung innerhalb einer Organisation - Chat - DomainBlock - User blockt/ unblockt Server-Namen"/><testcase name="05.01.13 Einladung innerhalb einer Organisation - Raum - DomainBlock - User blockt/ unblockt Server-Namen"/><testcase name="05.01.14 Einladung innerhalb einer Organisation - Chat - DomainBlock - User allow/ unallow Server-Namen"/><testcase name="05.01.15 Einladung innerhalb einer Organisation - Raum - DomainBlock - User allow/ unallow Server-Namen"/><testcase name="05.01.16 Einladung innerhalb einer Organisation - Chat - AllowAll - User lehnt Einladung ab"/><testcase name="05.01.17 Einladung innerhalb einer Organisation - Raum - AllowAll - User lehnt Einladung ab"/><testcase name="05.01.18 Einladung innerhalb einer Organisation - Chat - BlockAll - User lehnt Einladung ab"/><testcase name="05.01.19 Einladung innerhalb einer Organisation - Raum - BlockAll - User lehnt Einladung ab"/><testcase name="05.01.20 Einladung innerhalb einer Organisation - Chat - AllowAll - Dritter Nutzer wird in Chat eingeladen werden"/><testcase name="05.01.21 Einladung innerhalb einer Organisation - Chat - BlockAll - Dritter Nutzer wird in Chat eingeladen werden"/><testcase name="05.01.22 Einladung innerhalb einer Organisation - AllowAll - Eintragung in Liste von anderem Berechtigungsmodus"/><testcase name="05.01.23 Einladung innerhalb einer Organisation - AllowAll - Eintragung eines Server-Namen in Liste von anderem Berechtigungsmodus"/><testcase name="05.01.24 Einladung innerhalb einer Organisation - AllowAll - Löschen in Liste von anderem Berechtigungsmodus"/><testcase name="05.01.25 Einladung innerhalb einer Organisation - AllowAll - Löschen eines Server-Namen in Liste von anderem Berechtigungsmodus"/><testcase name="05.01.26 Einladung innerhalb einer Organisation - BlockAll - Eintragung in Liste von anderem Berechtigungsmodus"/><testcase name="05.01.27 Einladung innerhalb einer Organisation - BlockAll - Eintragung eines Server-Namen in Liste von anderem Berechtigungsmodus"/><testcase name="05.01.28 Einladung innerhalb einer Organisation - BlockAll - Löschen in Liste von anderem Berechtigungsmodus"/><testcase name="05.01.29 Einladung innerhalb einer Organisation - BlockAll - Löschen eines Server-Namen in Liste von anderem Berechtigungsmodus"/><testcase name="05.01.30 Einladung innerhalb einer Organisation - AllowAll - Eintrag doppelter MXID Einträge in BlockListe"/><testcase name="05.01.31 Einladung innerhalb einer Organisation - BlockAll - Eintrag doppelter MXID Einträge in AllowListe"/><testcase name="05.01.32 Einladung innerhalb einer Organisation - AllowAll - Einträge bleiben trotz Logout erhalten"/><testcase name="05.01.33 Einladung innerhalb einer Organisation - BlockAll - Einträge bleiben trotz Logout erhalten"/></testsuite>