<?xml version="1.0" encoding="UTF-8" standalone="no"?><testsuite errors="0" failures="0" name="5.1.1 (1) Organisationsressourcen im Verzeichnisdienst hinzufügen" skipped="0" tests="6" time="694.22" timestamp="2025-08-12 06:34:07"><testcase name="01.01.01 Organisationsressourcen im Verzeichnisdienst hinzufügen - Healthcare-Service durch Org-Admin anlegen"/><testcase name="01.01.02 Organisationsressourcen im Verzeichnisdienst hinzufügen - Healthcare-Service durch Org-Admin anlegen und MXID im Endpoint ändern"/><testcase name="01.01.03 Organisationsressourcen im Verzeichnisdienst hinzufügen - Healthcare-Service durch Org-Admin anlegen/ändern, Endpoint anlegen/ändern und löschen"/><testcase name="01.01.04 Organisationsressourcen im Verzeichnisdienst hinzufügen - Healthcare-Service durch Org-Admin mit zwei Endpoints anlegen und löschen"/><testcase name="01.01.05 Organisationsressourcen im Verzeichnisdienst hinzufügen - Healthcare-Service durch Org-Admin anlegen und Endpointname aktualisieren"/><testcase name="01.01.06 Organisationsressourcen im Verzeichnisdienst hinzufügen - Healthcare Service mit Funktionsaccount-Endpointname anlegen"/></testsuite>