<?xml version="1.0" encoding="UTF-8" standalone="no"?><testsuite errors="0" failures="0" name="5.1.6 (1) Austausch von Events zwischen Akteuren außerhalb einer Organisation (Basis Spec)" skipped="0" tests="11" time="1270.96" timestamp="2025-12-07 09:13:23"><testcase name="06.01.01 Austausch von Events außerhalb einer Organisation - Chat - AllowAll - User sendet Nachricht an anderen User über Healthcareservice"/><testcase name="06.01.02 Austausch von Events außerhalb einer Organisation - Raum - AllowAll - User sendet Nachricht an anderen User über Healthcareservice"/><testcase name="06.01.03 Austausch von Events außerhalb einer Organisation - Chat - AllowAll - Löschen einer Nachricht durch User"/><testcase name="06.01.04 Austausch von Events außerhalb einer Organisation - Raum - AllowAll - Löschen einer Nachricht durch User"/><testcase name="06.01.05 Austausch von Events außerhalb einer Organisation - Chat - AllowAll - Ändern einer Nachricht durch User"/><testcase name="06.01.06 Austausch von Events außerhalb einer Organisation - Raum - AllowAll - Ändern einer Nachricht durch User"/><testcase name="06.01.07 Austausch von Events außerhalb einer Organisation - Raum - AllowAll - User sendet eine Nachricht an ausgeloggten User "/><testcase name="06.01.09 Austausch von Events außerhalb einer Organisation - Chat - AllowAll - User sendet und ändert eine Nachricht an ausgeloggten User "/><testcase name="06.01.10 Austausch von Events außerhalb einer Organisation - Raum - AllowAll - User sendet und ändert eine Nachricht an ausgeloggten User "/><testcase name="06.01.11 Austausch von Events außerhalb einer Organisation - Raum - AllowAll - User sendet ein Attachment an ausgeloggten User über Matrix-Protokoll v1.11"/><testcase name="06.01.13 Austausch von Events außerhalb einer Organisation - Raum - AllowAll - Gruppenchat - Drei User schreiben sich gegenseitig"/></testsuite>