<?xml version="1.0" encoding="UTF-8" standalone="no"?><testsuite errors="0" failures="0" name="5.1.5 (3) Einladung von Akteuren außerhalb einer Organisation (Basis Spec)" skipped="0" tests="4" time="385.2" timestamp="2025-08-12 09:20:04"><testcase name="05.03.01 Einladung außerhalb einer Organisation - AllowAll - Chat - HBA-User sucht anderen User"/><testcase name="05.03.02 Einladung außerhalb einer Organisation - AllowAll - Raum - HBA-User sucht anderen User"/><testcase name="05.03.03 Einladung außerhalb einer Organisation - BlockAll - Chat - HBA-User sucht anderen User"/><testcase name="05.03.04 Einladung außerhalb einer Organisation - BlockAll - Raum - HBA-User sucht anderen User"/></testsuite>