<?xml version="1.0" encoding="UTF-8" standalone="no"?><testsuite errors="0" failures="0" name="11X. (1) Message Types (Basis Spec)" skipped="0" tests="24" time="1972.75" timestamp="2025-08-12 06:52:37"><testcase name="11X.01.01 Message Types - Chat - AllowAll - Org-User sendet Nachricht (m.text) an anderen Org-User"/><testcase name="11X.01.02 Message Types - Raum - AllowAll - Org-User sendet Nachricht (m.text) an anderen Org-User"/><testcase name="11X.01.03 Message Types - Chat - AllowAll - Org-User sendet Nachricht (m.emote) an anderen Org-User"/><testcase name="11X.01.04 Message Types - Raum - AllowAll - Org-User sendet Nachricht (m.emote) an anderen Org-User"/><testcase name="11X.01.05 Message Types - Chat - AllowAll - Org-User sendet Nachricht (m.notice) an anderen Org-User"/><testcase name="11X.01.06 Message Types - Raum - AllowAll - Org-User sendet Nachricht (m.notice) an anderen Org-User"/><testcase name="11X.01.07 Message Types - Chat - AllowAll - Org-User sendet Location (m.location) an anderen Org-User"/><testcase name="11X.01.08 Message Types - Raum - AllowAll - Org-User sendet Location (m.location) an anderen Org-User"/><testcase name="11X.01.09 Message Types - Chat - AllowAll - Org-User sendet ein m.image Attachment (jpg) über Matrix-Protokoll v1.11 an Org-User"/><testcase name="11X.01.10 Message Types - Raum - AllowAll - Org-User sendet ein m.image Attachment (jpg) über Matrix-Protokoll v1.11 an Org-User"/><testcase name="11X.01.11 Message Types - Chat - AllowAll - Org-User sendet ein m.image Attachment (png) über Matrix-Protokoll v1.11 an Org-User"/><testcase name="11X.01.12 Message Types - Raum - AllowAll - Org-User sendet ein m.image Attachment (png) über Matrix-Protokoll v1.11 an Org-User"/><testcase name="11X.01.13 Message Types - Chat - AllowAll - Org-User sendet ein m.file Attachment (txt) über Matrix-Protokoll v1.11 an Org-User"/><testcase name="11X.01.14 Message Types - Raum - AllowAll - Org-User sendet ein m.file Attachment (txt) über Matrix-Protokoll v1.11 an Org-User"/><testcase name="11X.01.15 Message Types - Chat - AllowAll - Org-User sendet ein m.file Attachment (pdf) über Matrix-Protokoll v1.11 an Org-User"/><testcase name="11X.01.16 Message Types - Raum - AllowAll - Org-User sendet ein m.file Attachment (pdf) über Matrix-Protokoll v1.11 an Org-User"/><testcase name="11X.01.17 Message Types - Chat - AllowAll - Org-User sendet ein m.audio Attachment (mp3) über Matrix-Protokoll v1.11 an Org-User"/><testcase name="11X.01.18 Message Types - Raum - AllowAll - Org-User sendet ein m.audio Attachment (mp3) über Matrix-Protokoll v1.11 an Org-User"/><testcase name="11X.01.19 Message Types - Chat - AllowAll - Org-User sendet ein m.audio Attachment (wav) über Matrix-Protokoll v1.11 an Org-User"/><testcase name="11X.01.20 Message Types - Raum - AllowAll - Org-User sendet ein m.audio Attachment (wav) über Matrix-Protokoll v1.11 an Org-User"/><testcase name="11X.01.21 Message Types - Chat - AllowAll - Org-User sendet ein m.video Attachment (mp4) über Matrix-Protokoll v1.11 an Org-User"/><testcase name="11X.01.22 Message Types - Raum - AllowAll - Org-User sendet ein m.video Attachment (mp4) über Matrix-Protokoll v1.11 an Org-User"/><testcase name="11X.01.23 Message Types - Chat - AllowAll - Org-User sendet ein m.video Attachment (mov) über Matrix-Protokoll v1.11 an Org-User"/><testcase name="11X.01.24 Message Types - Raum - AllowAll - Org-User sendet ein m.video Attachment (mov) über Matrix-Protokoll v1.11 an Org-User"/></testsuite>