<?xml version="1.0" encoding="UTF-8" standalone="no"?><testsuite errors="0" failures="0" name="03. (1) Föderationszugehörigkeit eines Messenger-Service prüfen (Basis Spec)" skipped="0" tests="2" time="69.16" timestamp="2026-01-11 09:58:27"><testcase name="03.01.01 Föderationszugehörigkeit prüfen - Chat - Test-Client &quot;A&quot; versucht User außerhalb der Föderation einzuladen "/><testcase name="03.01.02 Föderationszugehörigkeit prüfen - Raum - Test-Client &quot;A&quot; versucht User außerhalb der Föderation einzuladen "/></testsuite>