<?xml version="1.0" encoding="UTF-8" standalone="no"?><testsuite errors="0" failures="0" name="5.1.4 (1) Austausch von Events innerhalb einer Organisation (Basis Spec)" skipped="0" tests="9" time="891.98" timestamp="2025-08-12 10:37:26"><testcase name="04.01.01 Austausch von Events innerhalb einer Organisation - Chat - User sendet Nachricht an anderen User über HomeServer"/><testcase name="04.01.02 Austausch von Events innerhalb einer Organisation - Raum - User sendet Nachricht an anderen User über HomeServer"/><testcase name="04.01.03 Austausch von Events innerhalb einer Organisation - Chat - User sendet Nachricht an anderen User über Healthcareservice"/><testcase name="04.01.04 Austausch von Events innerhalb einer Organisation - Raum - User sendet Nachricht an anderen User über Healthcareservice"/><testcase name="04.01.05 Austausch von Events innerhalb einer Organisation - Chat - Löschen einer Nachricht durch User"/><testcase name="04.01.06 Austausch von Events innerhalb einer Organisation - Raum - Löschen einer Nachricht durch User"/><testcase name="04.01.07 Austausch von Events innerhalb einer Organisation - Chat - Ändern einer Nachricht durch User"/><testcase name="04.01.08 Austausch von Events innerhalb einer Organisation - Raum - Ändern einer Nachricht durch User"/><testcase name="04.01.15 Austausch von Events innerhalb einer Organisation - Raum - AllowAll - Gruppenchat - Drei User schreiben sich gegenseitig"/></testsuite>